2018-01-24T11:50:16.253455Z 0 [Warning] TIMESTAMP with implicit DEFAULT value is deprecated. Please use --explicit_defaults_for_timestamp server option (see documentation for more details).
2018-01-24T11:50:16.253526Z 0 [Note] --secure-file-priv is set to NULL. Operations related to importing and exporting data are disabled
2018-01-24T11:50:16.253544Z 0 [Note] /opt/drupal-7.56-3/mysql/bin/mysqld.bin (mysqld 5.7.20) starting as process 9844 ...
2018-01-24T11:50:16.257079Z 0 [Note] InnoDB: PUNCH HOLE support available
2018-01-24T11:50:16.257096Z 0 [Note] InnoDB: Mutexes and rw_locks use GCC atomic builtins
2018-01-24T11:50:16.257099Z 0 [Note] InnoDB: Uses event mutexes
2018-01-24T11:50:16.257102Z 0 [Note] InnoDB: GCC builtin __sync_synchronize() is used for memory barrier
2018-01-24T11:50:16.257105Z 0 [Note] InnoDB: Compressed tables use zlib 1.2.3
2018-01-24T11:50:16.257108Z 0 [Note] InnoDB: Using Linux native AIO
2018-01-24T11:50:16.257263Z 0 [Note] InnoDB: Number of pools: 1
2018-01-24T11:50:16.257321Z 0 [Note] InnoDB: Using CPU crc32 instructions
2018-01-24T11:50:16.258233Z 0 [Note] InnoDB: Initializing buffer pool, total size = 128M, instances = 1, chunk size = 128M
2018-01-24T11:50:16.263926Z 0 [Note] InnoDB: Completed initialization of buffer pool
2018-01-24T11:50:16.265192Z 0 [Note] InnoDB: If the mysqld execution user is authorized, page cleaner thread priority can be changed. See the man page of setpriority().
2018-01-24T11:50:16.276669Z 0 [Note] InnoDB: Highest supported file format is Barracuda.
2018-01-24T11:50:16.315454Z 0 [Note] InnoDB: Creating shared tablespace for temporary tables
2018-01-24T11:50:16.315516Z 0 [Note] InnoDB: Setting file './ibtmp1' size to 12 MB. Physically writing the file full; Please wait ...
2018-01-24T11:50:16.545296Z 0 [Note] InnoDB: File './ibtmp1' size is now 12 MB.
2018-01-24T11:50:16.546581Z 0 [Note] InnoDB: 96 redo rollback segment(s) found. 96 redo rollback segment(s) are active.
2018-01-24T11:50:16.546599Z 0 [Note] InnoDB: 32 non-redo rollback segment(s) are active.
2018-01-24T11:50:16.547062Z 0 [Note] InnoDB: Waiting for purge to start
2018-01-24T11:50:16.597286Z 0 [Note] InnoDB: 5.7.20 started; log sequence number 2566745
2018-01-24T11:50:16.597627Z 0 [Note] InnoDB: Loading buffer pool(s) from /opt/drupal-7.56-3/mysql/data/ib_buffer_pool
2018-01-24T11:50:16.597866Z 0 [Note] Plugin 'FEDERATED' is disabled.
2018-01-24T11:50:16.600987Z 0 [Note] InnoDB: Buffer pool(s) load completed at 180124 12:50:16
2018-01-24T11:50:16.607463Z 0 [Warning] Failed to set up SSL because of the following SSL library error: SSL context is not usable without certificate and private key
2018-01-24T11:50:16.607492Z 0 [Note] Server hostname (bind-address): '127.0.0.1'; port: 3307
2018-01-24T11:50:16.607512Z 0 [Note]   - '127.0.0.1' resolves to '127.0.0.1';
2018-01-24T11:50:16.607549Z 0 [Note] Server socket created on IP: '127.0.0.1'.
2018-01-24T11:50:16.646422Z 0 [Warning] 'user' entry 'root@localhost' ignored in --skip-name-resolve mode.
2018-01-24T11:50:16.646441Z 0 [Warning] 'user' entry 'mysql.session@localhost' ignored in --skip-name-resolve mode.
2018-01-24T11:50:16.646448Z 0 [Warning] 'user' entry 'mysql.sys@localhost' ignored in --skip-name-resolve mode.
2018-01-24T11:50:16.646460Z 0 [Warning] 'db' entry 'performance_schema mysql.session@localhost' ignored in --skip-name-resolve mode.
2018-01-24T11:50:16.646464Z 0 [Warning] 'db' entry 'sys mysql.sys@localhost' ignored in --skip-name-resolve mode.
2018-01-24T11:50:16.646472Z 0 [Warning] 'proxies_priv' entry '@ root@localhost' ignored in --skip-name-resolve mode.
2018-01-24T11:50:16.647362Z 0 [Warning] 'tables_priv' entry 'user mysql.session@localhost' ignored in --skip-name-resolve mode.
2018-01-24T11:50:16.647372Z 0 [Warning] 'tables_priv' entry 'sys_config mysql.sys@localhost' ignored in --skip-name-resolve mode.
2018-01-24T11:50:16.651144Z 0 [Note] Event Scheduler: Loaded 0 events
2018-01-24T11:50:16.651335Z 0 [Note] /opt/drupal-7.56-3/mysql/bin/mysqld.bin: ready for connections.
Version: '5.7.20'  socket: '/opt/drupal-7.56-3/mysql/tmp/mysql.sock'  port: 3307  MySQL Community Server (GPL)
2018-01-24T11:50:16.651356Z 0 [Note] Executing 'SELECT * FROM INFORMATION_SCHEMA.TABLES;' to get a list of tables using the deprecated partition engine. You may use the startup option '--disable-partition-engine-check' to skip this check. 
2018-01-24T11:50:16.651359Z 0 [Note] Beginning of list of non-natively partitioned tables
2018-01-24T11:50:16.658076Z 0 [Note] End of list of non-natively partitioned tables
2018-01-24T11:50:47.865304Z 5 [Warning] 'user' entry 'root@localhost' ignored in --skip-name-resolve mode.
2018-01-24T11:50:47.865323Z 5 [Warning] 'user' entry 'mysql.session@localhost' ignored in --skip-name-resolve mode.
2018-01-24T11:50:47.865330Z 5 [Warning] 'user' entry 'mysql.sys@localhost' ignored in --skip-name-resolve mode.
2018-01-24T11:50:47.865335Z 5 [Warning] 'user' entry 'bn_drupal@localhost' ignored in --skip-name-resolve mode.
2018-01-24T11:50:47.865350Z 5 [Warning] 'db' entry 'performance_schema mysql.session@localhost' ignored in --skip-name-resolve mode.
2018-01-24T11:50:47.865354Z 5 [Warning] 'db' entry 'sys mysql.sys@localhost' ignored in --skip-name-resolve mode.
2018-01-24T11:50:47.865357Z 5 [Warning] 'db' entry 'bitnami_drupal7 bn_drupal@localhost' ignored in --skip-name-resolve mode.
2018-01-24T11:50:47.865364Z 5 [Warning] 'proxies_priv' entry '@ root@localhost' ignored in --skip-name-resolve mode.
2018-01-24T11:50:47.865470Z 5 [Warning] 'tables_priv' entry 'user mysql.session@localhost' ignored in --skip-name-resolve mode.
2018-01-24T11:50:47.865477Z 5 [Warning] 'tables_priv' entry 'sys_config mysql.sys@localhost' ignored in --skip-name-resolve mode.
2018-01-24T12:01:44.084455Z 0 [Note] Giving 0 client threads a chance to die gracefully
2018-01-24T12:01:44.084476Z 0 [Note] Shutting down slave threads
2018-01-24T12:01:44.084482Z 0 [Note] Forcefully disconnecting 0 remaining clients
2018-01-24T12:01:44.084489Z 0 [Note] Event Scheduler: Purging the queue. 0 events
2018-01-24T12:01:44.084658Z 0 [Note] Binlog end
2018-01-24T12:01:44.090200Z 0 [Note] Shutting down plugin 'ngram'
2018-01-24T12:01:44.090222Z 0 [Note] Shutting down plugin 'BLACKHOLE'
2018-01-24T12:01:44.090228Z 0 [Note] Shutting down plugin 'partition'
2018-01-24T12:01:44.090231Z 0 [Note] Shutting down plugin 'ARCHIVE'
2018-01-24T12:01:44.090235Z 0 [Note] Shutting down plugin 'MyISAM'
2018-01-24T12:01:44.090245Z 0 [Note] Shutting down plugin 'CSV'
2018-01-24T12:01:44.090269Z 0 [Note] Shutting down plugin 'INNODB_SYS_VIRTUAL'
2018-01-24T12:01:44.090275Z 0 [Note] Shutting down plugin 'INNODB_SYS_DATAFILES'
2018-01-24T12:01:44.090278Z 0 [Note] Shutting down plugin 'INNODB_SYS_TABLESPACES'
2018-01-24T12:01:44.090282Z 0 [Note] Shutting down plugin 'INNODB_SYS_FOREIGN_COLS'
2018-01-24T12:01:44.090285Z 0 [Note] Shutting down plugin 'INNODB_SYS_FOREIGN'
2018-01-24T12:01:44.090289Z 0 [Note] Shutting down plugin 'INNODB_SYS_FIELDS'
2018-01-24T12:01:44.090292Z 0 [Note] Shutting down plugin 'INNODB_SYS_COLUMNS'
2018-01-24T12:01:44.090295Z 0 [Note] Shutting down plugin 'INNODB_SYS_INDEXES'
2018-01-24T12:01:44.090299Z 0 [Note] Shutting down plugin 'INNODB_SYS_TABLESTATS'
2018-01-24T12:01:44.090302Z 0 [Note] Shutting down plugin 'INNODB_SYS_TABLES'
2018-01-24T12:01:44.090305Z 0 [Note] Shutting down plugin 'INNODB_FT_INDEX_TABLE'
2018-01-24T12:01:44.090309Z 0 [Note] Shutting down plugin 'INNODB_FT_INDEX_CACHE'
2018-01-24T12:01:44.090312Z 0 [Note] Shutting down plugin 'INNODB_FT_CONFIG'
2018-01-24T12:01:44.090315Z 0 [Note] Shutting down plugin 'INNODB_FT_BEING_DELETED'
2018-01-24T12:01:44.090319Z 0 [Note] Shutting down plugin 'INNODB_FT_DELETED'
2018-01-24T12:01:44.090322Z 0 [Note] Shutting down plugin 'INNODB_FT_DEFAULT_STOPWORD'
2018-01-24T12:01:44.090325Z 0 [Note] Shutting down plugin 'INNODB_METRICS'
2018-01-24T12:01:44.090329Z 0 [Note] Shutting down plugin 'INNODB_TEMP_TABLE_INFO'
2018-01-24T12:01:44.090332Z 0 [Note] Shutting down plugin 'INNODB_BUFFER_POOL_STATS'
2018-01-24T12:01:44.090335Z 0 [Note] Shutting down plugin 'INNODB_BUFFER_PAGE_LRU'
2018-01-24T12:01:44.090339Z 0 [Note] Shutting down plugin 'INNODB_BUFFER_PAGE'
2018-01-24T12:01:44.090351Z 0 [Note] Shutting down plugin 'INNODB_CMP_PER_INDEX_RESET'
2018-01-24T12:01:44.090354Z 0 [Note] Shutting down plugin 'INNODB_CMP_PER_INDEX'
2018-01-24T12:01:44.090357Z 0 [Note] Shutting down plugin 'INNODB_CMPMEM_RESET'
2018-01-24T12:01:44.090360Z 0 [Note] Shutting down plugin 'INNODB_CMPMEM'
2018-01-24T12:01:44.090363Z 0 [Note] Shutting down plugin 'INNODB_CMP_RESET'
2018-01-24T12:01:44.090366Z 0 [Note] Shutting down plugin 'INNODB_CMP'
2018-01-24T12:01:44.090369Z 0 [Note] Shutting down plugin 'INNODB_LOCK_WAITS'
2018-01-24T12:01:44.090372Z 0 [Note] Shutting down plugin 'INNODB_LOCKS'
2018-01-24T12:01:44.090375Z 0 [Note] Shutting down plugin 'INNODB_TRX'
2018-01-24T12:01:44.090378Z 0 [Note] Shutting down plugin 'InnoDB'
2018-01-24T12:01:44.093789Z 0 [Note] InnoDB: FTS optimize thread exiting.
2018-01-24T12:01:44.093870Z 0 [Note] InnoDB: Starting shutdown...
2018-01-24T12:01:44.194059Z 0 [Note] InnoDB: Dumping buffer pool(s) to /opt/drupal-7.56-3/mysql/data/ib_buffer_pool
2018-01-24T12:01:44.339563Z 0 [Note] InnoDB: Buffer pool(s) dump completed at 180124 13:01:44
2018-01-24T12:01:45.887000Z 0 [Note] InnoDB: Shutdown completed; log sequence number 9291509
2018-01-24T12:01:45.888499Z 0 [Note] InnoDB: Removed temporary tablespace data file: "ibtmp1"
2018-01-24T12:01:45.888508Z 0 [Note] Shutting down plugin 'MEMORY'
2018-01-24T12:01:45.888513Z 0 [Note] Shutting down plugin 'MRG_MYISAM'
2018-01-24T12:01:45.888515Z 0 [Note] Shutting down plugin 'PERFORMANCE_SCHEMA'
2018-01-24T12:01:45.888536Z 0 [Note] Shutting down plugin 'sha256_password'
2018-01-24T12:01:45.888539Z 0 [Note] Shutting down plugin 'mysql_native_password'
2018-01-24T12:01:45.888646Z 0 [Note] Shutting down plugin 'binlog'
2018-01-24T12:01:45.888922Z 0 [Note] /opt/drupal-7.56-3/mysql/bin/mysqld.bin: Shutdown complete

2018-01-25T09:49:22.024557Z 0 [Warning] TIMESTAMP with implicit DEFAULT value is deprecated. Please use --explicit_defaults_for_timestamp server option (see documentation for more details).
2018-01-25T09:49:22.024628Z 0 [Note] --secure-file-priv is set to NULL. Operations related to importing and exporting data are disabled
2018-01-25T09:49:22.024645Z 0 [Note] /opt/drupal-7.56-3/mysql/bin/mysqld.bin (mysqld 5.7.20) starting as process 7452 ...
2018-01-25T09:49:22.150004Z 0 [Note] InnoDB: PUNCH HOLE support available
2018-01-25T09:49:22.150052Z 0 [Note] InnoDB: Mutexes and rw_locks use GCC atomic builtins
2018-01-25T09:49:22.150063Z 0 [Note] InnoDB: Uses event mutexes
2018-01-25T09:49:22.150072Z 0 [Note] InnoDB: GCC builtin __sync_synchronize() is used for memory barrier
2018-01-25T09:49:22.150081Z 0 [Note] InnoDB: Compressed tables use zlib 1.2.3
2018-01-25T09:49:22.150090Z 0 [Note] InnoDB: Using Linux native AIO
2018-01-25T09:49:22.150543Z 0 [Note] InnoDB: Number of pools: 1
2018-01-25T09:49:22.150731Z 0 [Note] InnoDB: Using CPU crc32 instructions
2018-01-25T09:49:22.153262Z 0 [Note] InnoDB: Initializing buffer pool, total size = 128M, instances = 1, chunk size = 128M
2018-01-25T09:49:22.159746Z 0 [Note] InnoDB: Completed initialization of buffer pool
2018-01-25T09:49:22.160963Z 0 [Note] InnoDB: If the mysqld execution user is authorized, page cleaner thread priority can be changed. See the man page of setpriority().
2018-01-25T09:49:22.212767Z 0 [Note] InnoDB: Highest supported file format is Barracuda.
2018-01-25T09:49:22.403774Z 0 [Note] InnoDB: Creating shared tablespace for temporary tables
2018-01-25T09:49:22.403835Z 0 [Note] InnoDB: Setting file './ibtmp1' size to 12 MB. Physically writing the file full; Please wait ...
2018-01-25T09:49:22.626962Z 0 [Note] InnoDB: File './ibtmp1' size is now 12 MB.
2018-01-25T09:49:22.628274Z 0 [Note] InnoDB: 96 redo rollback segment(s) found. 96 redo rollback segment(s) are active.
2018-01-25T09:49:22.628292Z 0 [Note] InnoDB: 32 non-redo rollback segment(s) are active.
2018-01-25T09:49:22.628739Z 0 [Note] InnoDB: Waiting for purge to start
2018-01-25T09:49:22.678875Z 0 [Note] InnoDB: 5.7.20 started; log sequence number 9291509
2018-01-25T09:49:22.679029Z 0 [Note] InnoDB: Loading buffer pool(s) from /opt/drupal-7.56-3/mysql/data/ib_buffer_pool
2018-01-25T09:49:22.839754Z 0 [Note] Plugin 'FEDERATED' is disabled.
2018-01-25T09:49:23.258514Z 0 [Warning] Failed to set up SSL because of the following SSL library error: SSL context is not usable without certificate and private key
2018-01-25T09:49:23.258540Z 0 [Note] Server hostname (bind-address): '127.0.0.1'; port: 3307
2018-01-25T09:49:23.258557Z 0 [Note]   - '127.0.0.1' resolves to '127.0.0.1';
2018-01-25T09:49:23.258586Z 0 [Note] Server socket created on IP: '127.0.0.1'.
2018-01-25T09:49:23.830640Z 0 [Warning] 'user' entry 'root@localhost' ignored in --skip-name-resolve mode.
2018-01-25T09:49:23.830672Z 0 [Warning] 'user' entry 'mysql.session@localhost' ignored in --skip-name-resolve mode.
2018-01-25T09:49:23.830686Z 0 [Warning] 'user' entry 'mysql.sys@localhost' ignored in --skip-name-resolve mode.
2018-01-25T09:49:23.830693Z 0 [Warning] 'user' entry 'bn_drupal@localhost' ignored in --skip-name-resolve mode.
2018-01-25T09:49:23.830912Z 0 [Warning] 'db' entry 'performance_schema mysql.session@localhost' ignored in --skip-name-resolve mode.
2018-01-25T09:49:23.830923Z 0 [Warning] 'db' entry 'sys mysql.sys@localhost' ignored in --skip-name-resolve mode.
2018-01-25T09:49:23.830927Z 0 [Warning] 'db' entry 'bitnami_drupal7 bn_drupal@localhost' ignored in --skip-name-resolve mode.
2018-01-25T09:49:23.831142Z 0 [Warning] 'proxies_priv' entry '@ root@localhost' ignored in --skip-name-resolve mode.
2018-01-25T09:49:24.398242Z 0 [Warning] 'tables_priv' entry 'user mysql.session@localhost' ignored in --skip-name-resolve mode.
2018-01-25T09:49:24.398262Z 0 [Warning] 'tables_priv' entry 'sys_config mysql.sys@localhost' ignored in --skip-name-resolve mode.
2018-01-25T09:49:25.306695Z 0 [Note] InnoDB: Buffer pool(s) load completed at 180125 10:49:25
2018-01-25T09:49:25.406819Z 0 [Note] Event Scheduler: Loaded 0 events
2018-01-25T09:49:25.407011Z 0 [Note] /opt/drupal-7.56-3/mysql/bin/mysqld.bin: ready for connections.
Version: '5.7.20'  socket: '/opt/drupal-7.56-3/mysql/tmp/mysql.sock'  port: 3307  MySQL Community Server (GPL)
2018-01-25T09:49:25.407021Z 0 [Note] Executing 'SELECT * FROM INFORMATION_SCHEMA.TABLES;' to get a list of tables using the deprecated partition engine. You may use the startup option '--disable-partition-engine-check' to skip this check. 
2018-01-25T09:49:25.407023Z 0 [Note] Beginning of list of non-natively partitioned tables
2018-01-25T09:49:25.792345Z 0 [Note] End of list of non-natively partitioned tables
2018-01-25T12:02:53.594320Z 0 [Note] Giving 0 client threads a chance to die gracefully
2018-01-25T12:02:53.594342Z 0 [Note] Shutting down slave threads
2018-01-25T12:02:53.594355Z 0 [Note] Forcefully disconnecting 0 remaining clients
2018-01-25T12:02:53.594361Z 0 [Note] Event Scheduler: Purging the queue. 0 events
2018-01-25T12:02:53.605192Z 0 [Note] Binlog end
2018-01-25T12:02:53.610080Z 0 [Note] Shutting down plugin 'ngram'
2018-01-25T12:02:53.610104Z 0 [Note] Shutting down plugin 'BLACKHOLE'
2018-01-25T12:02:53.610108Z 0 [Note] Shutting down plugin 'partition'
2018-01-25T12:02:53.610110Z 0 [Note] Shutting down plugin 'ARCHIVE'
2018-01-25T12:02:53.610112Z 0 [Note] Shutting down plugin 'MyISAM'
2018-01-25T12:02:53.610121Z 0 [Note] Shutting down plugin 'CSV'
2018-01-25T12:02:53.610124Z 0 [Note] Shutting down plugin 'INNODB_SYS_VIRTUAL'
2018-01-25T12:02:53.610127Z 0 [Note] Shutting down plugin 'INNODB_SYS_DATAFILES'
2018-01-25T12:02:53.610129Z 0 [Note] Shutting down plugin 'INNODB_SYS_TABLESPACES'
2018-01-25T12:02:53.610132Z 0 [Note] Shutting down plugin 'INNODB_SYS_FOREIGN_COLS'
2018-01-25T12:02:53.610134Z 0 [Note] Shutting down plugin 'INNODB_SYS_FOREIGN'
2018-01-25T12:02:53.610136Z 0 [Note] Shutting down plugin 'INNODB_SYS_FIELDS'
2018-01-25T12:02:53.610138Z 0 [Note] Shutting down plugin 'INNODB_SYS_COLUMNS'
2018-01-25T12:02:53.610140Z 0 [Note] Shutting down plugin 'INNODB_SYS_INDEXES'
2018-01-25T12:02:53.610142Z 0 [Note] Shutting down plugin 'INNODB_SYS_TABLESTATS'
2018-01-25T12:02:53.610144Z 0 [Note] Shutting down plugin 'INNODB_SYS_TABLES'
2018-01-25T12:02:53.610157Z 0 [Note] Shutting down plugin 'INNODB_FT_INDEX_TABLE'
2018-01-25T12:02:53.610160Z 0 [Note] Shutting down plugin 'INNODB_FT_INDEX_CACHE'
2018-01-25T12:02:53.610162Z 0 [Note] Shutting down plugin 'INNODB_FT_CONFIG'
2018-01-25T12:02:53.610164Z 0 [Note] Shutting down plugin 'INNODB_FT_BEING_DELETED'
2018-01-25T12:02:53.610166Z 0 [Note] Shutting down plugin 'INNODB_FT_DELETED'
2018-01-25T12:02:53.610168Z 0 [Note] Shutting down plugin 'INNODB_FT_DEFAULT_STOPWORD'
2018-01-25T12:02:53.610170Z 0 [Note] Shutting down plugin 'INNODB_METRICS'
2018-01-25T12:02:53.610172Z 0 [Note] Shutting down plugin 'INNODB_TEMP_TABLE_INFO'
2018-01-25T12:02:53.610174Z 0 [Note] Shutting down plugin 'INNODB_BUFFER_POOL_STATS'
2018-01-25T12:02:53.610175Z 0 [Note] Shutting down plugin 'INNODB_BUFFER_PAGE_LRU'
2018-01-25T12:02:53.610177Z 0 [Note] Shutting down plugin 'INNODB_BUFFER_PAGE'
2018-01-25T12:02:53.610179Z 0 [Note] Shutting down plugin 'INNODB_CMP_PER_INDEX_RESET'
2018-01-25T12:02:53.610181Z 0 [Note] Shutting down plugin 'INNODB_CMP_PER_INDEX'
2018-01-25T12:02:53.610183Z 0 [Note] Shutting down plugin 'INNODB_CMPMEM_RESET'
2018-01-25T12:02:53.610185Z 0 [Note] Shutting down plugin 'INNODB_CMPMEM'
2018-01-25T12:02:53.610187Z 0 [Note] Shutting down plugin 'INNODB_CMP_RESET'
2018-01-25T12:02:53.610188Z 0 [Note] Shutting down plugin 'INNODB_CMP'
2018-01-25T12:02:53.610190Z 0 [Note] Shutting down plugin 'INNODB_LOCK_WAITS'
2018-01-25T12:02:53.610192Z 0 [Note] Shutting down plugin 'INNODB_LOCKS'
2018-01-25T12:02:53.610194Z 0 [Note] Shutting down plugin 'INNODB_TRX'
2018-01-25T12:02:53.610196Z 0 [Note] Shutting down plugin 'InnoDB'
2018-01-25T12:02:53.610241Z 0 [Note] InnoDB: FTS optimize thread exiting.
2018-01-25T12:02:53.610324Z 0 [Note] InnoDB: Starting shutdown...
2018-01-25T12:02:53.710496Z 0 [Note] InnoDB: Dumping buffer pool(s) to /opt/drupal-7.56-3/mysql/data/ib_buffer_pool
2018-01-25T12:02:53.710749Z 0 [Note] InnoDB: Buffer pool(s) dump completed at 180125 13:02:53
2018-01-25T12:02:55.398632Z 0 [Note] InnoDB: Shutdown completed; log sequence number 10388242
2018-01-25T12:02:55.400080Z 0 [Note] InnoDB: Removed temporary tablespace data file: "ibtmp1"
2018-01-25T12:02:55.400091Z 0 [Note] Shutting down plugin 'MEMORY'
2018-01-25T12:02:55.400096Z 0 [Note] Shutting down plugin 'MRG_MYISAM'
2018-01-25T12:02:55.400099Z 0 [Note] Shutting down plugin 'PERFORMANCE_SCHEMA'
2018-01-25T12:02:55.400119Z 0 [Note] Shutting down plugin 'sha256_password'
2018-01-25T12:02:55.400123Z 0 [Note] Shutting down plugin 'mysql_native_password'
2018-01-25T12:02:55.400231Z 0 [Note] Shutting down plugin 'binlog'
2018-01-25T12:02:55.400514Z 0 [Note] /opt/drupal-7.56-3/mysql/bin/mysqld.bin: Shutdown complete

2018-01-26T09:27:02.338712Z 0 [Warning] TIMESTAMP with implicit DEFAULT value is deprecated. Please use --explicit_defaults_for_timestamp server option (see documentation for more details).
2018-01-26T09:27:02.338783Z 0 [Note] --secure-file-priv is set to NULL. Operations related to importing and exporting data are disabled
2018-01-26T09:27:02.338801Z 0 [Note] /opt/drupal-7.56-3/mysql/bin/mysqld.bin (mysqld 5.7.20) starting as process 23500 ...
2018-01-26T09:27:02.488989Z 0 [Note] InnoDB: PUNCH HOLE support available
2018-01-26T09:27:02.489018Z 0 [Note] InnoDB: Mutexes and rw_locks use GCC atomic builtins
2018-01-26T09:27:02.489025Z 0 [Note] InnoDB: Uses event mutexes
2018-01-26T09:27:02.489030Z 0 [Note] InnoDB: GCC builtin __sync_synchronize() is used for memory barrier
2018-01-26T09:27:02.489035Z 0 [Note] InnoDB: Compressed tables use zlib 1.2.3
2018-01-26T09:27:02.489040Z 0 [Note] InnoDB: Using Linux native AIO
2018-01-26T09:27:02.489302Z 0 [Note] InnoDB: Number of pools: 1
2018-01-26T09:27:02.489398Z 0 [Note] InnoDB: Using CPU crc32 instructions
2018-01-26T09:27:02.490886Z 0 [Note] InnoDB: Initializing buffer pool, total size = 128M, instances = 1, chunk size = 128M
2018-01-26T09:27:02.499411Z 0 [Note] InnoDB: Completed initialization of buffer pool
2018-01-26T09:27:02.500760Z 0 [Note] InnoDB: If the mysqld execution user is authorized, page cleaner thread priority can be changed. See the man page of setpriority().
2018-01-26T09:27:02.551387Z 0 [Note] InnoDB: Highest supported file format is Barracuda.
2018-01-26T09:27:02.754812Z 0 [Note] InnoDB: Creating shared tablespace for temporary tables
2018-01-26T09:27:02.754868Z 0 [Note] InnoDB: Setting file './ibtmp1' size to 12 MB. Physically writing the file full; Please wait ...
2018-01-26T09:27:03.007453Z 0 [Note] InnoDB: File './ibtmp1' size is now 12 MB.
2018-01-26T09:27:03.009787Z 0 [Note] InnoDB: 96 redo rollback segment(s) found. 96 redo rollback segment(s) are active.
2018-01-26T09:27:03.009814Z 0 [Note] InnoDB: 32 non-redo rollback segment(s) are active.
2018-01-26T09:27:03.010553Z 0 [Note] InnoDB: Waiting for purge to start
2018-01-26T09:27:03.060812Z 0 [Note] InnoDB: 5.7.20 started; log sequence number 10388242
2018-01-26T09:27:03.061130Z 0 [Note] InnoDB: Loading buffer pool(s) from /opt/drupal-7.56-3/mysql/data/ib_buffer_pool
2018-01-26T09:27:03.212188Z 0 [Note] Plugin 'FEDERATED' is disabled.
2018-01-26T09:27:03.647627Z 0 [Warning] Failed to set up SSL because of the following SSL library error: SSL context is not usable without certificate and private key
2018-01-26T09:27:03.647649Z 0 [Note] Server hostname (bind-address): '127.0.0.1'; port: 3307
2018-01-26T09:27:03.647664Z 0 [Note]   - '127.0.0.1' resolves to '127.0.0.1';
2018-01-26T09:27:03.647693Z 0 [Note] Server socket created on IP: '127.0.0.1'.
2018-01-26T09:27:04.219774Z 0 [Warning] 'user' entry 'root@localhost' ignored in --skip-name-resolve mode.
2018-01-26T09:27:04.219801Z 0 [Warning] 'user' entry 'mysql.session@localhost' ignored in --skip-name-resolve mode.
2018-01-26T09:27:04.219807Z 0 [Warning] 'user' entry 'mysql.sys@localhost' ignored in --skip-name-resolve mode.
2018-01-26T09:27:04.219812Z 0 [Warning] 'user' entry 'bn_drupal@localhost' ignored in --skip-name-resolve mode.
2018-01-26T09:27:04.220019Z 0 [Warning] 'db' entry 'performance_schema mysql.session@localhost' ignored in --skip-name-resolve mode.
2018-01-26T09:27:04.220051Z 0 [Warning] 'db' entry 'sys mysql.sys@localhost' ignored in --skip-name-resolve mode.
2018-01-26T09:27:04.220054Z 0 [Warning] 'db' entry 'bitnami_drupal7 bn_drupal@localhost' ignored in --skip-name-resolve mode.
2018-01-26T09:27:04.220249Z 0 [Warning] 'proxies_priv' entry '@ root@localhost' ignored in --skip-name-resolve mode.
2018-01-26T09:27:04.588266Z 0 [Warning] 'tables_priv' entry 'user mysql.session@localhost' ignored in --skip-name-resolve mode.
2018-01-26T09:27:04.588285Z 0 [Warning] 'tables_priv' entry 'sys_config mysql.sys@localhost' ignored in --skip-name-resolve mode.
2018-01-26T09:27:05.087877Z 0 [Note] Event Scheduler: Loaded 0 events
2018-01-26T09:27:05.088323Z 0 [Note] /opt/drupal-7.56-3/mysql/bin/mysqld.bin: ready for connections.
Version: '5.7.20'  socket: '/opt/drupal-7.56-3/mysql/tmp/mysql.sock'  port: 3307  MySQL Community Server (GPL)
2018-01-26T09:27:05.088364Z 0 [Note] Executing 'SELECT * FROM INFORMATION_SCHEMA.TABLES;' to get a list of tables using the deprecated partition engine. You may use the startup option '--disable-partition-engine-check' to skip this check. 
2018-01-26T09:27:05.088374Z 0 [Note] Beginning of list of non-natively partitioned tables
2018-01-26T09:27:05.350273Z 0 [Note] InnoDB: Buffer pool(s) load completed at 180126 10:27:05
2018-01-26T09:27:05.656835Z 0 [Note] End of list of non-natively partitioned tables
2018-01-26T12:01:37.901415Z 0 [Note] Giving 0 client threads a chance to die gracefully
2018-01-26T12:01:37.901435Z 0 [Note] Shutting down slave threads
2018-01-26T12:01:37.901443Z 0 [Note] Forcefully disconnecting 0 remaining clients
2018-01-26T12:01:37.901449Z 0 [Note] Event Scheduler: Purging the queue. 0 events
2018-01-26T12:01:38.090934Z 0 [Note] Binlog end
2018-01-26T12:01:38.093810Z 0 [Note] Shutting down plugin 'ngram'
2018-01-26T12:01:38.093834Z 0 [Note] Shutting down plugin 'BLACKHOLE'
2018-01-26T12:01:38.093838Z 0 [Note] Shutting down plugin 'partition'
2018-01-26T12:01:38.093841Z 0 [Note] Shutting down plugin 'ARCHIVE'
2018-01-26T12:01:38.093855Z 0 [Note] Shutting down plugin 'MyISAM'
2018-01-26T12:01:38.093865Z 0 [Note] Shutting down plugin 'CSV'
2018-01-26T12:01:38.093869Z 0 [Note] Shutting down plugin 'INNODB_SYS_VIRTUAL'
2018-01-26T12:01:38.093872Z 0 [Note] Shutting down plugin 'INNODB_SYS_DATAFILES'
2018-01-26T12:01:38.093875Z 0 [Note] Shutting down plugin 'INNODB_SYS_TABLESPACES'
2018-01-26T12:01:38.093877Z 0 [Note] Shutting down plugin 'INNODB_SYS_FOREIGN_COLS'
2018-01-26T12:01:38.093879Z 0 [Note] Shutting down plugin 'INNODB_SYS_FOREIGN'
2018-01-26T12:01:38.093882Z 0 [Note] Shutting down plugin 'INNODB_SYS_FIELDS'
2018-01-26T12:01:38.093884Z 0 [Note] Shutting down plugin 'INNODB_SYS_COLUMNS'
2018-01-26T12:01:38.093887Z 0 [Note] Shutting down plugin 'INNODB_SYS_INDEXES'
2018-01-26T12:01:38.093889Z 0 [Note] Shutting down plugin 'INNODB_SYS_TABLESTATS'
2018-01-26T12:01:38.093891Z 0 [Note] Shutting down plugin 'INNODB_SYS_TABLES'
2018-01-26T12:01:38.093894Z 0 [Note] Shutting down plugin 'INNODB_FT_INDEX_TABLE'
2018-01-26T12:01:38.093896Z 0 [Note] Shutting down plugin 'INNODB_FT_INDEX_CACHE'
2018-01-26T12:01:38.093898Z 0 [Note] Shutting down plugin 'INNODB_FT_CONFIG'
2018-01-26T12:01:38.093901Z 0 [Note] Shutting down plugin 'INNODB_FT_BEING_DELETED'
2018-01-26T12:01:38.093903Z 0 [Note] Shutting down plugin 'INNODB_FT_DELETED'
2018-01-26T12:01:38.093906Z 0 [Note] Shutting down plugin 'INNODB_FT_DEFAULT_STOPWORD'
2018-01-26T12:01:38.093908Z 0 [Note] Shutting down plugin 'INNODB_METRICS'
2018-01-26T12:01:38.093911Z 0 [Note] Shutting down plugin 'INNODB_TEMP_TABLE_INFO'
2018-01-26T12:01:38.093913Z 0 [Note] Shutting down plugin 'INNODB_BUFFER_POOL_STATS'
2018-01-26T12:01:38.093915Z 0 [Note] Shutting down plugin 'INNODB_BUFFER_PAGE_LRU'
2018-01-26T12:01:38.093918Z 0 [Note] Shutting down plugin 'INNODB_BUFFER_PAGE'
2018-01-26T12:01:38.093920Z 0 [Note] Shutting down plugin 'INNODB_CMP_PER_INDEX_RESET'
2018-01-26T12:01:38.093923Z 0 [Note] Shutting down plugin 'INNODB_CMP_PER_INDEX'
2018-01-26T12:01:38.093925Z 0 [Note] Shutting down plugin 'INNODB_CMPMEM_RESET'
2018-01-26T12:01:38.093927Z 0 [Note] Shutting down plugin 'INNODB_CMPMEM'
2018-01-26T12:01:38.093930Z 0 [Note] Shutting down plugin 'INNODB_CMP_RESET'
2018-01-26T12:01:38.093932Z 0 [Note] Shutting down plugin 'INNODB_CMP'
2018-01-26T12:01:38.093935Z 0 [Note] Shutting down plugin 'INNODB_LOCK_WAITS'
2018-01-26T12:01:38.093937Z 0 [Note] Shutting down plugin 'INNODB_LOCKS'
2018-01-26T12:01:38.093940Z 0 [Note] Shutting down plugin 'INNODB_TRX'
2018-01-26T12:01:38.093942Z 0 [Note] Shutting down plugin 'InnoDB'
2018-01-26T12:01:38.093994Z 0 [Note] InnoDB: FTS optimize thread exiting.
2018-01-26T12:01:38.094060Z 0 [Note] InnoDB: Starting shutdown...
2018-01-26T12:01:38.194272Z 0 [Note] InnoDB: Dumping buffer pool(s) to /opt/drupal-7.56-3/mysql/data/ib_buffer_pool
2018-01-26T12:01:38.194514Z 0 [Note] InnoDB: Buffer pool(s) dump completed at 180126 13:01:38
2018-01-26T12:01:39.877928Z 0 [Note] InnoDB: Shutdown completed; log sequence number 11007267
2018-01-26T12:01:39.881685Z 0 [Note] InnoDB: Removed temporary tablespace data file: "ibtmp1"
2018-01-26T12:01:39.881707Z 0 [Note] Shutting down plugin 'MEMORY'
2018-01-26T12:01:39.881717Z 0 [Note] Shutting down plugin 'MRG_MYISAM'
2018-01-26T12:01:39.881724Z 0 [Note] Shutting down plugin 'PERFORMANCE_SCHEMA'
2018-01-26T12:01:39.881767Z 0 [Note] Shutting down plugin 'sha256_password'
2018-01-26T12:01:39.881773Z 0 [Note] Shutting down plugin 'mysql_native_password'
2018-01-26T12:01:39.882029Z 0 [Note] Shutting down plugin 'binlog'
2018-01-26T12:01:39.882348Z 0 [Note] /opt/drupal-7.56-3/mysql/bin/mysqld.bin: Shutdown complete

2018-01-30T09:33:15.020423Z 0 [Warning] TIMESTAMP with implicit DEFAULT value is deprecated. Please use --explicit_defaults_for_timestamp server option (see documentation for more details).
2018-01-30T09:33:15.020495Z 0 [Note] --secure-file-priv is set to NULL. Operations related to importing and exporting data are disabled
2018-01-30T09:33:15.020512Z 0 [Note] /opt/drupal-7.56-3/mysql/bin/mysqld.bin (mysqld 5.7.20) starting as process 5409 ...
2018-01-30T09:33:15.154070Z 0 [Note] InnoDB: PUNCH HOLE support available
2018-01-30T09:33:15.154101Z 0 [Note] InnoDB: Mutexes and rw_locks use GCC atomic builtins
2018-01-30T09:33:15.154106Z 0 [Note] InnoDB: Uses event mutexes
2018-01-30T09:33:15.154111Z 0 [Note] InnoDB: GCC builtin __sync_synchronize() is used for memory barrier
2018-01-30T09:33:15.154115Z 0 [Note] InnoDB: Compressed tables use zlib 1.2.3
2018-01-30T09:33:15.154120Z 0 [Note] InnoDB: Using Linux native AIO
2018-01-30T09:33:15.154371Z 0 [Note] InnoDB: Number of pools: 1
2018-01-30T09:33:15.154462Z 0 [Note] InnoDB: Using CPU crc32 instructions
2018-01-30T09:33:15.174694Z 0 [Note] InnoDB: Initializing buffer pool, total size = 128M, instances = 1, chunk size = 128M
2018-01-30T09:33:15.184684Z 0 [Note] InnoDB: Completed initialization of buffer pool
2018-01-30T09:33:15.186697Z 0 [Note] InnoDB: If the mysqld execution user is authorized, page cleaner thread priority can be changed. See the man page of setpriority().
2018-01-30T09:33:15.250046Z 0 [Note] InnoDB: Highest supported file format is Barracuda.
2018-01-30T09:33:15.487280Z 0 [Note] InnoDB: Creating shared tablespace for temporary tables
2018-01-30T09:33:15.487382Z 0 [Note] InnoDB: Setting file './ibtmp1' size to 12 MB. Physically writing the file full; Please wait ...
2018-01-30T09:33:15.697593Z 0 [Note] InnoDB: File './ibtmp1' size is now 12 MB.
2018-01-30T09:33:15.700010Z 0 [Note] InnoDB: 96 redo rollback segment(s) found. 96 redo rollback segment(s) are active.
2018-01-30T09:33:15.700044Z 0 [Note] InnoDB: 32 non-redo rollback segment(s) are active.
2018-01-30T09:33:15.700773Z 0 [Note] InnoDB: Waiting for purge to start
2018-01-30T09:33:15.751027Z 0 [Note] InnoDB: 5.7.20 started; log sequence number 11007267
2018-01-30T09:33:15.751439Z 0 [Note] InnoDB: Loading buffer pool(s) from /opt/drupal-7.56-3/mysql/data/ib_buffer_pool
2018-01-30T09:33:15.885593Z 0 [Note] Plugin 'FEDERATED' is disabled.
2018-01-30T09:33:16.247026Z 0 [Warning] Failed to set up SSL because of the following SSL library error: SSL context is not usable without certificate and private key
2018-01-30T09:33:16.247049Z 0 [Note] Server hostname (bind-address): '127.0.0.1'; port: 3307
2018-01-30T09:33:16.247064Z 0 [Note]   - '127.0.0.1' resolves to '127.0.0.1';
2018-01-30T09:33:16.247092Z 0 [Note] Server socket created on IP: '127.0.0.1'.
2018-01-30T09:33:16.657034Z 0 [Warning] 'user' entry 'root@localhost' ignored in --skip-name-resolve mode.
2018-01-30T09:33:16.657090Z 0 [Warning] 'user' entry 'mysql.session@localhost' ignored in --skip-name-resolve mode.
2018-01-30T09:33:16.657107Z 0 [Warning] 'user' entry 'mysql.sys@localhost' ignored in --skip-name-resolve mode.
2018-01-30T09:33:16.657122Z 0 [Warning] 'user' entry 'bn_drupal@localhost' ignored in --skip-name-resolve mode.
2018-01-30T09:33:16.657320Z 0 [Warning] 'db' entry 'performance_schema mysql.session@localhost' ignored in --skip-name-resolve mode.
2018-01-30T09:33:16.657346Z 0 [Warning] 'db' entry 'sys mysql.sys@localhost' ignored in --skip-name-resolve mode.
2018-01-30T09:33:16.657355Z 0 [Warning] 'db' entry 'bitnami_drupal7 bn_drupal@localhost' ignored in --skip-name-resolve mode.
2018-01-30T09:33:16.657595Z 0 [Warning] 'proxies_priv' entry '@ root@localhost' ignored in --skip-name-resolve mode.
2018-01-30T09:33:17.094315Z 0 [Warning] 'tables_priv' entry 'user mysql.session@localhost' ignored in --skip-name-resolve mode.
2018-01-30T09:33:17.094340Z 0 [Warning] 'tables_priv' entry 'sys_config mysql.sys@localhost' ignored in --skip-name-resolve mode.
2018-01-30T09:33:17.409882Z 0 [Note] Event Scheduler: Loaded 0 events
2018-01-30T09:33:17.410332Z 0 [Note] /opt/drupal-7.56-3/mysql/bin/mysqld.bin: ready for connections.
Version: '5.7.20'  socket: '/opt/drupal-7.56-3/mysql/tmp/mysql.sock'  port: 3307  MySQL Community Server (GPL)
2018-01-30T09:33:17.410372Z 0 [Note] Executing 'SELECT * FROM INFORMATION_SCHEMA.TABLES;' to get a list of tables using the deprecated partition engine. You may use the startup option '--disable-partition-engine-check' to skip this check. 
2018-01-30T09:33:17.410396Z 0 [Note] Beginning of list of non-natively partitioned tables
2018-01-30T09:33:17.830355Z 0 [Note] InnoDB: Buffer pool(s) load completed at 180130 10:33:17
2018-01-30T09:33:17.986309Z 0 [Note] End of list of non-natively partitioned tables
2018-01-30T12:07:37.226129Z 0 [Note] Giving 0 client threads a chance to die gracefully
2018-01-30T12:07:37.226148Z 0 [Note] Shutting down slave threads
2018-01-30T12:07:37.226157Z 0 [Note] Forcefully disconnecting 0 remaining clients
2018-01-30T12:07:37.226163Z 0 [Note] Event Scheduler: Purging the queue. 0 events
2018-01-30T12:07:37.573866Z 0 [Note] Binlog end
2018-01-30T12:07:37.575172Z 0 [Note] Shutting down plugin 'ngram'
2018-01-30T12:07:37.575190Z 0 [Note] Shutting down plugin 'BLACKHOLE'
2018-01-30T12:07:37.575194Z 0 [Note] Shutting down plugin 'partition'
2018-01-30T12:07:37.575196Z 0 [Note] Shutting down plugin 'ARCHIVE'
2018-01-30T12:07:37.575198Z 0 [Note] Shutting down plugin 'MyISAM'
2018-01-30T12:07:37.575206Z 0 [Note] Shutting down plugin 'CSV'
2018-01-30T12:07:37.575209Z 0 [Note] Shutting down plugin 'INNODB_SYS_VIRTUAL'
2018-01-30T12:07:37.575212Z 0 [Note] Shutting down plugin 'INNODB_SYS_DATAFILES'
2018-01-30T12:07:37.575215Z 0 [Note] Shutting down plugin 'INNODB_SYS_TABLESPACES'
2018-01-30T12:07:37.575217Z 0 [Note] Shutting down plugin 'INNODB_SYS_FOREIGN_COLS'
2018-01-30T12:07:37.575219Z 0 [Note] Shutting down plugin 'INNODB_SYS_FOREIGN'
2018-01-30T12:07:37.575221Z 0 [Note] Shutting down plugin 'INNODB_SYS_FIELDS'
2018-01-30T12:07:37.575223Z 0 [Note] Shutting down plugin 'INNODB_SYS_COLUMNS'
2018-01-30T12:07:37.575225Z 0 [Note] Shutting down plugin 'INNODB_SYS_INDEXES'
2018-01-30T12:07:37.575228Z 0 [Note] Shutting down plugin 'INNODB_SYS_TABLESTATS'
2018-01-30T12:07:37.575230Z 0 [Note] Shutting down plugin 'INNODB_SYS_TABLES'
2018-01-30T12:07:37.575232Z 0 [Note] Shutting down plugin 'INNODB_FT_INDEX_TABLE'
2018-01-30T12:07:37.575234Z 0 [Note] Shutting down plugin 'INNODB_FT_INDEX_CACHE'
2018-01-30T12:07:37.575236Z 0 [Note] Shutting down plugin 'INNODB_FT_CONFIG'
2018-01-30T12:07:37.575238Z 0 [Note] Shutting down plugin 'INNODB_FT_BEING_DELETED'
2018-01-30T12:07:37.575240Z 0 [Note] Shutting down plugin 'INNODB_FT_DELETED'
2018-01-30T12:07:37.575242Z 0 [Note] Shutting down plugin 'INNODB_FT_DEFAULT_STOPWORD'
2018-01-30T12:07:37.575244Z 0 [Note] Shutting down plugin 'INNODB_METRICS'
2018-01-30T12:07:37.575246Z 0 [Note] Shutting down plugin 'INNODB_TEMP_TABLE_INFO'
2018-01-30T12:07:37.575249Z 0 [Note] Shutting down plugin 'INNODB_BUFFER_POOL_STATS'
2018-01-30T12:07:37.575251Z 0 [Note] Shutting down plugin 'INNODB_BUFFER_PAGE_LRU'
2018-01-30T12:07:37.575253Z 0 [Note] Shutting down plugin 'INNODB_BUFFER_PAGE'
2018-01-30T12:07:37.575255Z 0 [Note] Shutting down plugin 'INNODB_CMP_PER_INDEX_RESET'
2018-01-30T12:07:37.575257Z 0 [Note] Shutting down plugin 'INNODB_CMP_PER_INDEX'
2018-01-30T12:07:37.575259Z 0 [Note] Shutting down plugin 'INNODB_CMPMEM_RESET'
2018-01-30T12:07:37.575261Z 0 [Note] Shutting down plugin 'INNODB_CMPMEM'
2018-01-30T12:07:37.575263Z 0 [Note] Shutting down plugin 'INNODB_CMP_RESET'
2018-01-30T12:07:37.575265Z 0 [Note] Shutting down plugin 'INNODB_CMP'
2018-01-30T12:07:37.575267Z 0 [Note] Shutting down plugin 'INNODB_LOCK_WAITS'
2018-01-30T12:07:37.575269Z 0 [Note] Shutting down plugin 'INNODB_LOCKS'
2018-01-30T12:07:37.575272Z 0 [Note] Shutting down plugin 'INNODB_TRX'
2018-01-30T12:07:37.575274Z 0 [Note] Shutting down plugin 'InnoDB'
2018-01-30T12:07:37.575318Z 0 [Note] InnoDB: FTS optimize thread exiting.
2018-01-30T12:07:37.575408Z 0 [Note] InnoDB: Starting shutdown...
2018-01-30T12:07:37.675684Z 0 [Note] InnoDB: Dumping buffer pool(s) to /opt/drupal-7.56-3/mysql/data/ib_buffer_pool
2018-01-30T12:07:37.880561Z 0 [Note] InnoDB: Buffer pool(s) dump completed at 180130 13:07:37
2018-01-30T12:07:39.265228Z 0 [Note] InnoDB: Shutdown completed; log sequence number 11104948
2018-01-30T12:07:39.269150Z 0 [Note] InnoDB: Removed temporary tablespace data file: "ibtmp1"
2018-01-30T12:07:39.269176Z 0 [Note] Shutting down plugin 'MEMORY'
2018-01-30T12:07:39.269202Z 0 [Note] Shutting down plugin 'MRG_MYISAM'
2018-01-30T12:07:39.269209Z 0 [Note] Shutting down plugin 'PERFORMANCE_SCHEMA'
2018-01-30T12:07:39.269254Z 0 [Note] Shutting down plugin 'sha256_password'
2018-01-30T12:07:39.269261Z 0 [Note] Shutting down plugin 'mysql_native_password'
2018-01-30T12:07:39.269538Z 0 [Note] Shutting down plugin 'binlog'
2018-01-30T12:07:39.269961Z 0 [Note] /opt/drupal-7.56-3/mysql/bin/mysqld.bin: Shutdown complete

2018-01-31T10:41:16.862190Z 0 [Warning] TIMESTAMP with implicit DEFAULT value is deprecated. Please use --explicit_defaults_for_timestamp server option (see documentation for more details).
2018-01-31T10:41:16.862266Z 0 [Note] --secure-file-priv is set to NULL. Operations related to importing and exporting data are disabled
2018-01-31T10:41:16.862283Z 0 [Note] /opt/drupal-7.56-3/mysql/bin/mysqld.bin (mysqld 5.7.20) starting as process 5440 ...
2018-01-31T10:41:17.004416Z 0 [Note] InnoDB: PUNCH HOLE support available
2018-01-31T10:41:17.004482Z 0 [Note] InnoDB: Mutexes and rw_locks use GCC atomic builtins
2018-01-31T10:41:17.004497Z 0 [Note] InnoDB: Uses event mutexes
2018-01-31T10:41:17.004509Z 0 [Note] InnoDB: GCC builtin __sync_synchronize() is used for memory barrier
2018-01-31T10:41:17.004521Z 0 [Note] InnoDB: Compressed tables use zlib 1.2.3
2018-01-31T10:41:17.004532Z 0 [Note] InnoDB: Using Linux native AIO
2018-01-31T10:41:17.005127Z 0 [Note] InnoDB: Number of pools: 1
2018-01-31T10:41:17.005350Z 0 [Note] InnoDB: Using CPU crc32 instructions
2018-01-31T10:41:17.007605Z 0 [Note] InnoDB: Initializing buffer pool, total size = 128M, instances = 1, chunk size = 128M
2018-01-31T10:41:17.018912Z 0 [Note] InnoDB: Completed initialization of buffer pool
2018-01-31T10:41:17.020243Z 0 [Note] InnoDB: If the mysqld execution user is authorized, page cleaner thread priority can be changed. See the man page of setpriority().
2018-01-31T10:41:17.075586Z 0 [Note] InnoDB: Highest supported file format is Barracuda.
2018-01-31T10:41:17.311628Z 0 [Note] InnoDB: Creating shared tablespace for temporary tables
2018-01-31T10:41:17.311680Z 0 [Note] InnoDB: Setting file './ibtmp1' size to 12 MB. Physically writing the file full; Please wait ...
2018-01-31T10:41:17.502401Z 0 [Note] InnoDB: File './ibtmp1' size is now 12 MB.
2018-01-31T10:41:17.504502Z 0 [Note] InnoDB: 96 redo rollback segment(s) found. 96 redo rollback segment(s) are active.
2018-01-31T10:41:17.504530Z 0 [Note] InnoDB: 32 non-redo rollback segment(s) are active.
2018-01-31T10:41:17.505158Z 0 [Note] InnoDB: Waiting for purge to start
2018-01-31T10:41:17.555417Z 0 [Note] InnoDB: 5.7.20 started; log sequence number 11104948
2018-01-31T10:41:17.555878Z 0 [Note] InnoDB: Loading buffer pool(s) from /opt/drupal-7.56-3/mysql/data/ib_buffer_pool
2018-01-31T10:41:17.702439Z 0 [Note] Plugin 'FEDERATED' is disabled.
2018-01-31T10:41:18.047128Z 0 [Warning] Failed to set up SSL because of the following SSL library error: SSL context is not usable without certificate and private key
2018-01-31T10:41:18.047161Z 0 [Note] Server hostname (bind-address): '127.0.0.1'; port: 3307
2018-01-31T10:41:18.047183Z 0 [Note]   - '127.0.0.1' resolves to '127.0.0.1';
2018-01-31T10:41:18.047220Z 0 [Note] Server socket created on IP: '127.0.0.1'.
2018-01-31T10:41:18.293498Z 0 [Warning] 'user' entry 'root@localhost' ignored in --skip-name-resolve mode.
2018-01-31T10:41:18.293538Z 0 [Warning] 'user' entry 'mysql.session@localhost' ignored in --skip-name-resolve mode.
2018-01-31T10:41:18.293549Z 0 [Warning] 'user' entry 'mysql.sys@localhost' ignored in --skip-name-resolve mode.
2018-01-31T10:41:18.293558Z 0 [Warning] 'user' entry 'bn_drupal@localhost' ignored in --skip-name-resolve mode.
2018-01-31T10:41:18.293729Z 0 [Warning] 'db' entry 'performance_schema mysql.session@localhost' ignored in --skip-name-resolve mode.
2018-01-31T10:41:18.293740Z 0 [Warning] 'db' entry 'sys mysql.sys@localhost' ignored in --skip-name-resolve mode.
2018-01-31T10:41:18.293746Z 0 [Warning] 'db' entry 'bitnami_drupal7 bn_drupal@localhost' ignored in --skip-name-resolve mode.
2018-01-31T10:41:18.293912Z 0 [Warning] 'proxies_priv' entry '@ root@localhost' ignored in --skip-name-resolve mode.
2018-01-31T10:41:18.629648Z 0 [Warning] 'tables_priv' entry 'user mysql.session@localhost' ignored in --skip-name-resolve mode.
2018-01-31T10:41:18.629676Z 0 [Warning] 'tables_priv' entry 'sys_config mysql.sys@localhost' ignored in --skip-name-resolve mode.
2018-01-31T10:41:19.377258Z 0 [Note] InnoDB: Buffer pool(s) load completed at 180131 11:41:19
2018-01-31T10:41:19.394766Z 0 [Note] Event Scheduler: Loaded 0 events
2018-01-31T10:41:19.395214Z 0 [Note] /opt/drupal-7.56-3/mysql/bin/mysqld.bin: ready for connections.
Version: '5.7.20'  socket: '/opt/drupal-7.56-3/mysql/tmp/mysql.sock'  port: 3307  MySQL Community Server (GPL)
2018-01-31T10:41:19.395255Z 0 [Note] Executing 'SELECT * FROM INFORMATION_SCHEMA.TABLES;' to get a list of tables using the deprecated partition engine. You may use the startup option '--disable-partition-engine-check' to skip this check. 
2018-01-31T10:41:19.395265Z 0 [Note] Beginning of list of non-natively partitioned tables
2018-01-31T10:41:19.762682Z 0 [Note] End of list of non-natively partitioned tables
2018-01-31T11:55:27.767738Z 0 [Note] Giving 0 client threads a chance to die gracefully
2018-01-31T11:55:27.767757Z 0 [Note] Shutting down slave threads
2018-01-31T11:55:27.767766Z 0 [Note] Forcefully disconnecting 0 remaining clients
2018-01-31T11:55:27.767771Z 0 [Note] Event Scheduler: Purging the queue. 0 events
2018-01-31T11:55:28.155216Z 0 [Note] Binlog end
2018-01-31T11:55:28.160230Z 0 [Note] Shutting down plugin 'ngram'
2018-01-31T11:55:28.160254Z 0 [Note] Shutting down plugin 'BLACKHOLE'
2018-01-31T11:55:28.160258Z 0 [Note] Shutting down plugin 'partition'
2018-01-31T11:55:28.160260Z 0 [Note] Shutting down plugin 'ARCHIVE'
2018-01-31T11:55:28.160263Z 0 [Note] Shutting down plugin 'MyISAM'
2018-01-31T11:55:28.160270Z 0 [Note] Shutting down plugin 'CSV'
2018-01-31T11:55:28.160273Z 0 [Note] Shutting down plugin 'INNODB_SYS_VIRTUAL'
2018-01-31T11:55:28.160276Z 0 [Note] Shutting down plugin 'INNODB_SYS_DATAFILES'
2018-01-31T11:55:28.160278Z 0 [Note] Shutting down plugin 'INNODB_SYS_TABLESPACES'
2018-01-31T11:55:28.160280Z 0 [Note] Shutting down plugin 'INNODB_SYS_FOREIGN_COLS'
2018-01-31T11:55:28.160282Z 0 [Note] Shutting down plugin 'INNODB_SYS_FOREIGN'
2018-01-31T11:55:28.160285Z 0 [Note] Shutting down plugin 'INNODB_SYS_FIELDS'
2018-01-31T11:55:28.160287Z 0 [Note] Shutting down plugin 'INNODB_SYS_COLUMNS'
2018-01-31T11:55:28.160289Z 0 [Note] Shutting down plugin 'INNODB_SYS_INDEXES'
2018-01-31T11:55:28.160291Z 0 [Note] Shutting down plugin 'INNODB_SYS_TABLESTATS'
2018-01-31T11:55:28.160293Z 0 [Note] Shutting down plugin 'INNODB_SYS_TABLES'
2018-01-31T11:55:28.160295Z 0 [Note] Shutting down plugin 'INNODB_FT_INDEX_TABLE'
2018-01-31T11:55:28.160297Z 0 [Note] Shutting down plugin 'INNODB_FT_INDEX_CACHE'
2018-01-31T11:55:28.160299Z 0 [Note] Shutting down plugin 'INNODB_FT_CONFIG'
2018-01-31T11:55:28.160301Z 0 [Note] Shutting down plugin 'INNODB_FT_BEING_DELETED'
2018-01-31T11:55:28.160303Z 0 [Note] Shutting down plugin 'INNODB_FT_DELETED'
2018-01-31T11:55:28.160305Z 0 [Note] Shutting down plugin 'INNODB_FT_DEFAULT_STOPWORD'
2018-01-31T11:55:28.160307Z 0 [Note] Shutting down plugin 'INNODB_METRICS'
2018-01-31T11:55:28.160310Z 0 [Note] Shutting down plugin 'INNODB_TEMP_TABLE_INFO'
2018-01-31T11:55:28.160312Z 0 [Note] Shutting down plugin 'INNODB_BUFFER_POOL_STATS'
2018-01-31T11:55:28.160314Z 0 [Note] Shutting down plugin 'INNODB_BUFFER_PAGE_LRU'
2018-01-31T11:55:28.160316Z 0 [Note] Shutting down plugin 'INNODB_BUFFER_PAGE'
2018-01-31T11:55:28.160318Z 0 [Note] Shutting down plugin 'INNODB_CMP_PER_INDEX_RESET'
2018-01-31T11:55:28.160320Z 0 [Note] Shutting down plugin 'INNODB_CMP_PER_INDEX'
2018-01-31T11:55:28.160322Z 0 [Note] Shutting down plugin 'INNODB_CMPMEM_RESET'
2018-01-31T11:55:28.160324Z 0 [Note] Shutting down plugin 'INNODB_CMPMEM'
2018-01-31T11:55:28.160326Z 0 [Note] Shutting down plugin 'INNODB_CMP_RESET'
2018-01-31T11:55:28.160328Z 0 [Note] Shutting down plugin 'INNODB_CMP'
2018-01-31T11:55:28.160340Z 0 [Note] Shutting down plugin 'INNODB_LOCK_WAITS'
2018-01-31T11:55:28.160342Z 0 [Note] Shutting down plugin 'INNODB_LOCKS'
2018-01-31T11:55:28.160344Z 0 [Note] Shutting down plugin 'INNODB_TRX'
2018-01-31T11:55:28.160346Z 0 [Note] Shutting down plugin 'InnoDB'
2018-01-31T11:55:28.160411Z 0 [Note] InnoDB: FTS optimize thread exiting.
2018-01-31T11:55:28.160490Z 0 [Note] InnoDB: Starting shutdown...
2018-01-31T11:55:28.260779Z 0 [Note] InnoDB: Dumping buffer pool(s) to /opt/drupal-7.56-3/mysql/data/ib_buffer_pool
2018-01-31T11:55:28.260983Z 0 [Note] InnoDB: Buffer pool(s) dump completed at 180131 12:55:28
2018-01-31T11:55:30.248739Z 0 [Note] InnoDB: Shutdown completed; log sequence number 35228832
2018-01-31T11:55:30.251537Z 0 [Note] InnoDB: Removed temporary tablespace data file: "ibtmp1"
2018-01-31T11:55:30.251555Z 0 [Note] Shutting down plugin 'MEMORY'
2018-01-31T11:55:30.251563Z 0 [Note] Shutting down plugin 'MRG_MYISAM'
2018-01-31T11:55:30.251568Z 0 [Note] Shutting down plugin 'PERFORMANCE_SCHEMA'
2018-01-31T11:55:30.251600Z 0 [Note] Shutting down plugin 'sha256_password'
2018-01-31T11:55:30.251605Z 0 [Note] Shutting down plugin 'mysql_native_password'
2018-01-31T11:55:30.251798Z 0 [Note] Shutting down plugin 'binlog'
2018-01-31T11:55:30.252213Z 0 [Note] /opt/drupal-7.56-3/mysql/bin/mysqld.bin: Shutdown complete

2018-02-01T09:34:37.151653Z 0 [Warning] TIMESTAMP with implicit DEFAULT value is deprecated. Please use --explicit_defaults_for_timestamp server option (see documentation for more details).
2018-02-01T09:34:37.151726Z 0 [Note] --secure-file-priv is set to NULL. Operations related to importing and exporting data are disabled
2018-02-01T09:34:37.151742Z 0 [Note] /opt/drupal-7.56-3/mysql/bin/mysqld.bin (mysqld 5.7.20) starting as process 3145 ...
2018-02-01T09:34:37.293795Z 0 [Note] InnoDB: PUNCH HOLE support available
2018-02-01T09:34:37.293850Z 0 [Note] InnoDB: Mutexes and rw_locks use GCC atomic builtins
2018-02-01T09:34:37.293862Z 0 [Note] InnoDB: Uses event mutexes
2018-02-01T09:34:37.293872Z 0 [Note] InnoDB: GCC builtin __sync_synchronize() is used for memory barrier
2018-02-01T09:34:37.293881Z 0 [Note] InnoDB: Compressed tables use zlib 1.2.3
2018-02-01T09:34:37.293890Z 0 [Note] InnoDB: Using Linux native AIO
2018-02-01T09:34:37.294410Z 0 [Note] InnoDB: Number of pools: 1
2018-02-01T09:34:37.294591Z 0 [Note] InnoDB: Using CPU crc32 instructions
2018-02-01T09:34:37.315733Z 0 [Note] InnoDB: Initializing buffer pool, total size = 128M, instances = 1, chunk size = 128M
2018-02-01T09:34:37.326852Z 0 [Note] InnoDB: Completed initialization of buffer pool
2018-02-01T09:34:37.328128Z 0 [Note] InnoDB: If the mysqld execution user is authorized, page cleaner thread priority can be changed. See the man page of setpriority().
2018-02-01T09:34:37.389370Z 0 [Note] InnoDB: Highest supported file format is Barracuda.
2018-02-01T09:34:37.651238Z 0 [Note] InnoDB: Creating shared tablespace for temporary tables
2018-02-01T09:34:37.651291Z 0 [Note] InnoDB: Setting file './ibtmp1' size to 12 MB. Physically writing the file full; Please wait ...
2018-02-01T09:34:37.865375Z 0 [Note] InnoDB: File './ibtmp1' size is now 12 MB.
2018-02-01T09:34:37.866736Z 0 [Note] InnoDB: 96 redo rollback segment(s) found. 96 redo rollback segment(s) are active.
2018-02-01T09:34:37.866754Z 0 [Note] InnoDB: 32 non-redo rollback segment(s) are active.
2018-02-01T09:34:37.867162Z 0 [Note] InnoDB: Waiting for purge to start
2018-02-01T09:34:37.917360Z 0 [Note] InnoDB: 5.7.20 started; log sequence number 35228832
2018-02-01T09:34:37.917625Z 0 [Note] InnoDB: Loading buffer pool(s) from /opt/drupal-7.56-3/mysql/data/ib_buffer_pool
2018-02-01T09:34:38.083534Z 0 [Note] Plugin 'FEDERATED' is disabled.
2018-02-01T09:34:38.619979Z 0 [Warning] Failed to set up SSL because of the following SSL library error: SSL context is not usable without certificate and private key
2018-02-01T09:34:38.620029Z 0 [Note] Server hostname (bind-address): '127.0.0.1'; port: 3307
2018-02-01T09:34:38.620063Z 0 [Note]   - '127.0.0.1' resolves to '127.0.0.1';
2018-02-01T09:34:38.620146Z 0 [Note] Server socket created on IP: '127.0.0.1'.
2018-02-01T09:34:39.191035Z 0 [Warning] 'user' entry 'root@localhost' ignored in --skip-name-resolve mode.
2018-02-01T09:34:39.191092Z 0 [Warning] 'user' entry 'mysql.session@localhost' ignored in --skip-name-resolve mode.
2018-02-01T09:34:39.191111Z 0 [Warning] 'user' entry 'mysql.sys@localhost' ignored in --skip-name-resolve mode.
2018-02-01T09:34:39.191125Z 0 [Warning] 'user' entry 'bn_drupal@localhost' ignored in --skip-name-resolve mode.
2018-02-01T09:34:39.191357Z 0 [Warning] 'db' entry 'performance_schema mysql.session@localhost' ignored in --skip-name-resolve mode.
2018-02-01T09:34:39.191376Z 0 [Warning] 'db' entry 'sys mysql.sys@localhost' ignored in --skip-name-resolve mode.
2018-02-01T09:34:39.191384Z 0 [Warning] 'db' entry 'bitnami_drupal7 bn_drupal@localhost' ignored in --skip-name-resolve mode.
2018-02-01T09:34:39.191570Z 0 [Warning] 'proxies_priv' entry '@ root@localhost' ignored in --skip-name-resolve mode.
2018-02-01T09:34:39.783865Z 0 [Warning] 'tables_priv' entry 'user mysql.session@localhost' ignored in --skip-name-resolve mode.
2018-02-01T09:34:39.783898Z 0 [Warning] 'tables_priv' entry 'sys_config mysql.sys@localhost' ignored in --skip-name-resolve mode.
2018-02-01T09:34:40.290029Z 0 [Note] Event Scheduler: Loaded 0 events
2018-02-01T09:34:40.290188Z 0 [Note] /opt/drupal-7.56-3/mysql/bin/mysqld.bin: ready for connections.
Version: '5.7.20'  socket: '/opt/drupal-7.56-3/mysql/tmp/mysql.sock'  port: 3307  MySQL Community Server (GPL)
2018-02-01T09:34:40.290198Z 0 [Note] Executing 'SELECT * FROM INFORMATION_SCHEMA.TABLES;' to get a list of tables using the deprecated partition engine. You may use the startup option '--disable-partition-engine-check' to skip this check. 
2018-02-01T09:34:40.290200Z 0 [Note] Beginning of list of non-natively partitioned tables
2018-02-01T09:34:40.715449Z 0 [Note] InnoDB: Buffer pool(s) load completed at 180201 10:34:40
2018-02-01T09:34:41.069234Z 0 [Note] End of list of non-natively partitioned tables
2018-02-01T09:36:12.465493Z 0 [Note] InnoDB: page_cleaner: 1000ms intended loop took 4129ms. The settings might not be optimal. (flushed=200 and evicted=0, during the time.)
